STAR version=2.7.10a
STAR compilation time,server,dir= :/Users/travis/build/alexdobin/travis-tests/STARcompile/source
STAR git: On branch master ; commit 51b64d4fafb7586459b8a61303e40beceeead8c0 ; diff files: 
##### Command Line:
STAR --genomeDir /Users/mushtaaqismail/Documents/course_9_10/STAR_in_snakemake/output/STAR_output/indexes --readFilesIn /Users/mushtaaqismail/Documents/course_9_10/STAR_in_snakemake/A549_25_3chr10_2.fastq.gz /Users/mushtaaqismail/Documents/course_9_10/STAR_in_snakemake/A549_25_3chr10_1.fastq.gz --readFilesCommand gunzip -c --outSAMtype BAM SortedByCoordinate --quantMode GeneCounts --outFileNamePrefix output/STAR_output/alignments/A549_0_2
##### Initial USER parameters from Command Line:
outFileNamePrefix                 output/STAR_output/alignments/A549_0_2
###### All USER parameters from Command Line:
genomeDir                     /Users/mushtaaqismail/Documents/course_9_10/STAR_in_snakemake/output/STAR_output/indexes     ~RE-DEFINED
readFilesIn                   /Users/mushtaaqismail/Documents/course_9_10/STAR_in_snakemake/A549_25_3chr10_2.fastq.gz   /Users/mushtaaqismail/Documents/course_9_10/STAR_in_snakemake/A549_25_3chr10_1.fastq.gz        ~RE-DEFINED
readFilesCommand              gunzip   -c        ~RE-DEFINED
outSAMtype                    BAM   SortedByCoordinate        ~RE-DEFINED
quantMode                     GeneCounts        ~RE-DEFINED
outFileNamePrefix             output/STAR_output/alignments/A549_0_2     ~RE-DEFINED
##### Finished reading parameters from all sources

##### Final user re-defined parameters-----------------:
genomeDir                         /Users/mushtaaqismail/Documents/course_9_10/STAR_in_snakemake/output/STAR_output/indexes
readFilesIn                       /Users/mushtaaqismail/Documents/course_9_10/STAR_in_snakemake/A549_25_3chr10_2.fastq.gz   /Users/mushtaaqismail/Documents/course_9_10/STAR_in_snakemake/A549_25_3chr10_1.fastq.gz   
readFilesCommand                  gunzip   -c   
outFileNamePrefix                 output/STAR_output/alignments/A549_0_2
outSAMtype                        BAM   SortedByCoordinate   
quantMode                         GeneCounts   

-------------------------------
##### Final effective command line:
STAR   --genomeDir /Users/mushtaaqismail/Documents/course_9_10/STAR_in_snakemake/output/STAR_output/indexes   --readFilesIn /Users/mushtaaqismail/Documents/course_9_10/STAR_in_snakemake/A549_25_3chr10_2.fastq.gz   /Users/mushtaaqismail/Documents/course_9_10/STAR_in_snakemake/A549_25_3chr10_1.fastq.gz      --readFilesCommand gunzip   -c      --outFileNamePrefix output/STAR_output/alignments/A549_0_2   --outSAMtype BAM   SortedByCoordinate      --quantMode GeneCounts   
----------------------------------------

Number of fastq files for each mate = 1

   Input read files for mate 1 :
-rw-r--r--@ 1 mushtaaqismail  staff  93136380 26 sep 14:59 /Users/mushtaaqismail/Documents/course_9_10/STAR_in_snakemake/A549_25_3chr10_2.fastq.gz

   readsCommandsFile:
exec > "output/STAR_output/alignments/A549_0_2_STARtmp/tmp.fifo.read1"
echo FILE 0
gunzip   -c      "/Users/mushtaaqismail/Documents/course_9_10/STAR_in_snakemake/A549_25_3chr10_2.fastq.gz"


   Input read files for mate 2 :
-rw-r--r--@ 1 mushtaaqismail  staff  90641949 26 sep 14:59 /Users/mushtaaqismail/Documents/course_9_10/STAR_in_snakemake/A549_25_3chr10_1.fastq.gz

   readsCommandsFile:
exec > "output/STAR_output/alignments/A549_0_2_STARtmp/tmp.fifo.read2"
echo FILE 0
gunzip   -c      "/Users/mushtaaqismail/Documents/course_9_10/STAR_in_snakemake/A549_25_3chr10_1.fastq.gz"

ParametersSolo: --soloCellFilterType CellRanger2.2 filtering parameters:  3000 0.99 10
WARNING: --limitBAMsortRAM=0, will use genome size as RAM limit for BAM sorting
Finished loading and checking parameters
Reading genome generation parameters:
### STAR   --runMode genomeGenerate      --genomeDir output/STAR_output/indexes   --genomeFastaFiles /Users/mushtaaqismail/Documents/course_9_10/STAR_in_snakemake/input_files/STAR_inputs/Homo_sapiens.GRCh38.dna.chromosome.10.fa      --outFileNamePrefix indexes/chr10   --sjdbGTFfile /Users/mushtaaqismail/Documents/course_9_10/STAR_in_snakemake/input_files/STAR_inputs/gencode.v29.annotation_chr10.gtf   --sjdbOverhang 50
### GstrandBit=32
versionGenome                 2.7.4a     ~RE-DEFINED
genomeType                    Full     ~RE-DEFINED
genomeFastaFiles              /Users/mushtaaqismail/Documents/course_9_10/STAR_in_snakemake/input_files/STAR_inputs/Homo_sapiens.GRCh38.dna.chromosome.10.fa        ~RE-DEFINED
genomeSAindexNbases           14     ~RE-DEFINED
genomeChrBinNbits             18     ~RE-DEFINED
genomeSAsparseD               1     ~RE-DEFINED
genomeTransformType           None     ~RE-DEFINED
genomeTransformVCF            -     ~RE-DEFINED
sjdbOverhang                  50     ~RE-DEFINED
sjdbFileChrStartEnd           -        ~RE-DEFINED
sjdbGTFfile                   /Users/mushtaaqismail/Documents/course_9_10/STAR_in_snakemake/input_files/STAR_inputs/gencode.v29.annotation_chr10.gtf     ~RE-DEFINED
sjdbGTFchrPrefix              -     ~RE-DEFINED
sjdbGTFfeatureExon            exon     ~RE-DEFINED
sjdbGTFtagExonParentTranscripttranscript_id     ~RE-DEFINED
sjdbGTFtagExonParentGene      gene_id     ~RE-DEFINED
sjdbInsertSave                Basic     ~RE-DEFINED
genomeFileSizes               135357464   1110870440        ~RE-DEFINED
Genome version is compatible with current STAR
Number of real (reference) chromosomes= 1
1	chr10	133797422	0
--sjdbOverhang = 50 taken from the generated genome
Started loading the genome: Tue Sep 27 13:35:35 2022

Genome: size given as a parameter = 135357464
SA: size given as a parameter = 1110870440
SAindex: size given as a parameter = 1
Read from SAindex: pGe.gSAindexNbases=14  nSAi=357913940
nGenome=135357464;  nSAbyte=1110870440
GstrandBit=32   SA number of indices=269301924
Shared memory is not used for genomes. Allocated a private copy of the genome.
Genome file size: 135357464 bytes; state: good=1 eof=0 fail=0 bad=0
Loading Genome ... done! state: good=1 eof=0 fail=0 bad=0; loaded 135357464 bytes
SA file size: 1110870440 bytes; state: good=1 eof=0 fail=0 bad=0
Loading SA ... done! state: good=1 eof=0 fail=0 bad=0; loaded 1110870440 bytes
Loading SAindex ... done: 1565873619 bytes
Finished loading the genome: Tue Sep 27 13:35:38 2022

Sum of all Genome bytes: 205242297
Sum of all SA bytes: 119988484304
Sum of all SAi bytes: 166546191985
Processing splice junctions database sjdbN=13880,   pGe.sjdbOverhang=50 
alignIntronMax=alignMatesGapMax=0, the max intron size will be approximately determined by (2^winBinNbits)*winAnchorDistNbins=589824
Starting to map file # 0
mate 1:   /Users/mushtaaqismail/Documents/course_9_10/STAR_in_snakemake/A549_25_3chr10_2.fastq.gz
mate 2:   /Users/mushtaaqismail/Documents/course_9_10/STAR_in_snakemake/A549_25_3chr10_1.fastq.gz
BAM sorting: 268225 mapped reads
BAM sorting bins genomic start loci:
1	0	246886
2	0	253261
3	0	486487
4	0	812904
5	0	885719
6	0	996144
7	0	1007080
8	0	1014306
9	0	1019116
10	0	1043374
11	0	1131195
12	0	3067636
13	0	3082448
14	0	3101492
15	0	3103938
16	0	3107284
17	0	3109442
18	0	3113371
19	0	3118818
20	0	3121179
21	0	3124612
22	0	3128065
23	0	3129956
24	0	3134535
25	0	3136749
26	0	3147666
27	0	3158995
28	0	3776819
29	0	3778126
30	0	3778916
31	0	3781361
32	0	4827150
33	0	4963427
34	0	4963439
35	0	4963450
36	0	4963480
37	0	4963487
38	0	4964374
39	0	4965970
40	0	4966016
41	0	4966944
42	0	4967027
43	0	4968333
44	0	4999500
45	0	5001528
46	0	5001678
47	0	5003758
48	0	5096500
Thread #0 end of input stream, nextChar=-1
Completed: thread #0
Sep 27 13:37:37 ..... started sorting BAM
Max memory needed for sorting = 1100048754
ALL DONE!
